<component name="libraryTable">
  <library name="junit-4.4">
    <CLASSES>
      <root url="jar://$PROJECT_DIR$/Gangsta-MidtermElectionApp/src/com/csci360/electionapp/util/junit-4.4.jar!/" />
    </CLASSES>
    <JAVADOC />
    <SOURCES />
  </library>
</component>